<?xml version="1.0" encoding="UTF-8"?>
<!-- Generated by org.testng.reporters.JUnitReportReporter -->
<testsuite name="com.wallet.TestCases.Assignment2TestCase" tests="1" time="0.006" ignored="1" failures="0" timestamp="30 Dec 2019 23:15:02 GMT" skipped="1" hostname="Narayan-PC" errors="0">
  <testcase name="Assignment2TestCase" time="0.006" classname="com.wallet.TestCases.Assignment2TestCase">
    <skipped/>
  </testcase> <!-- Assignment2TestCase -->
  <testcase name="SetupSuite" classname="com.wallet.Pages.BaseClass">
    <skipped/>
  </testcase> <!-- SetupSuite -->
</testsuite> <!-- com.wallet.TestCases.Assignment2TestCase -->
